<?xml version="1.0" encoding="UTF-8"?>
<testng-results ignored="0" total="12" passed="10" failed="2" skipped="0">
  <reporter-output>
  </reporter-output>
  <suite started-at="2022-03-22T16:47:53 IST" name="Essen" finished-at="2022-03-22T16:50:44 IST" duration-ms="171808">
    <groups>
    </groups>
    <test started-at="2022-03-22T16:47:53 IST" name="eCares" finished-at="2022-03-22T16:50:44 IST" duration-ms="171808">
      <class name="com.essen.testCases.TC_LoginTestDDT_002">
        <test-method is-config="true" signature="setup(java.lang.String)[pri:0, instance:com.essen.testCases.TC_LoginTestDDT_002@4d5650ae]" started-at="2022-03-22T16:48:04 IST" name="setup" finished-at="2022-03-22T16:48:07 IST" duration-ms="2709" status="PASS">
          <params>
            <param index="0">
              <value>
                <![CDATA[chrome]]>
              </value>
            </param>
          </params>
          <reporter-output>
          </reporter-output>
        </test-method> <!-- setup -->
        <test-method signature="LoginTestDDT(java.lang.String,java.lang.String)[pri:0, instance:com.essen.testCases.TC_LoginTestDDT_002@4d5650ae]" started-at="2022-03-22T16:48:07 IST" name="LoginTestDDT" description="Login with Multiple Users" data-provider="LoginData" finished-at="2022-03-22T16:48:22 IST" duration-ms="15116" status="PASS">
          <params>
            <param index="0">
              <value>
                <![CDATA[adityatest2]]>
              </value>
            </param>
            <param index="1">
              <value>
                <![CDATA[Pass$12345]]>
              </value>
            </param>
          </params>
          <reporter-output>
          </reporter-output>
        </test-method> <!-- LoginTestDDT -->
        <test-method signature="LoginTestDDT(java.lang.String,java.lang.String)[pri:0, instance:com.essen.testCases.TC_LoginTestDDT_002@4d5650ae]" started-at="2022-03-22T16:48:23 IST" name="LoginTestDDT" description="Login with Multiple Users" data-provider="LoginData" finished-at="2022-03-22T16:48:35 IST" duration-ms="12692" status="FAIL">
          <params>
            <param index="0">
              <value>
                <![CDATA[adityatest2]]>
              </value>
            </param>
            <param index="1">
              <value>
                <![CDATA[Pass$123]]>
              </value>
            </param>
          </params>
          <exception class="java.lang.AssertionError">
            <message>
              <![CDATA[expected [true] but found [false]]]>
            </message>
            <full-stacktrace>
              <![CDATA[java.lang.AssertionError: expected [true] but found [false]
at org.testng.Assert.fail(Assert.java:99)
at org.testng.Assert.failNotEquals(Assert.java:1037)
at org.testng.Assert.assertTrue(Assert.java:45)
at org.testng.Assert.assertTrue(Assert.java:55)
at com.essen.testCases.TC_LoginTestDDT_002.LoginTestDDT(TC_LoginTestDDT_002.java:36)
at java.base/jdk.internal.reflect.NativeMethodAccessorImpl.invoke0(Native Method)
at java.base/jdk.internal.reflect.NativeMethodAccessorImpl.invoke(NativeMethodAccessorImpl.java:77)
at java.base/jdk.internal.reflect.DelegatingMethodAccessorImpl.invoke(DelegatingMethodAccessorImpl.java:43)
at java.base/java.lang.reflect.Method.invoke(Method.java:568)
at org.testng.internal.MethodInvocationHelper.invokeMethod(MethodInvocationHelper.java:133)
at org.testng.internal.TestInvoker.invokeMethod(TestInvoker.java:598)
at org.testng.internal.TestInvoker.invokeTestMethod(TestInvoker.java:173)
at org.testng.internal.MethodRunner.runInSequence(MethodRunner.java:46)
at org.testng.internal.TestInvoker$MethodInvocationAgent.invoke(TestInvoker.java:824)
at org.testng.internal.TestInvoker.invokeTestMethods(TestInvoker.java:146)
at org.testng.internal.TestMethodWorker.invokeTestMethods(TestMethodWorker.java:146)
at org.testng.internal.TestMethodWorker.run(TestMethodWorker.java:128)
at java.base/java.util.ArrayList.forEach(ArrayList.java:1511)
at org.testng.TestRunner.privateRun(TestRunner.java:794)
at org.testng.TestRunner.run(TestRunner.java:596)
at org.testng.SuiteRunner.runTest(SuiteRunner.java:377)
at org.testng.SuiteRunner.runSequentially(SuiteRunner.java:371)
at org.testng.SuiteRunner.privateRun(SuiteRunner.java:332)
at org.testng.SuiteRunner.run(SuiteRunner.java:276)
at org.testng.SuiteRunnerWorker.runSuite(SuiteRunnerWorker.java:53)
at org.testng.SuiteRunnerWorker.run(SuiteRunnerWorker.java:96)
at org.testng.TestNG.runSuitesSequentially(TestNG.java:1212)
at org.testng.TestNG.runSuitesLocally(TestNG.java:1134)
at org.testng.TestNG.runSuites(TestNG.java:1063)
at org.testng.TestNG.run(TestNG.java:1031)
at org.testng.remote.AbstractRemoteTestNG.run(AbstractRemoteTestNG.java:115)
at org.testng.remote.RemoteTestNG.initAndRun(RemoteTestNG.java:251)
at org.testng.remote.RemoteTestNG.main(RemoteTestNG.java:77)
]]>
            </full-stacktrace>
          </exception> <!-- java.lang.AssertionError -->
          <reporter-output>
          </reporter-output>
        </test-method> <!-- LoginTestDDT -->
        <test-method signature="LoginTestDDT(java.lang.String,java.lang.String)[pri:0, instance:com.essen.testCases.TC_LoginTestDDT_002@4d5650ae]" started-at="2022-03-22T16:48:35 IST" name="LoginTestDDT" description="Login with Multiple Users" data-provider="LoginData" finished-at="2022-03-22T16:48:50 IST" duration-ms="14981" status="FAIL">
          <params>
            <param index="0">
              <value>
                <![CDATA[aditya2]]>
              </value>
            </param>
            <param index="1">
              <value>
                <![CDATA[Pass$123]]>
              </value>
            </param>
          </params>
          <exception class="java.lang.AssertionError">
            <message>
              <![CDATA[expected [true] but found [false]]]>
            </message>
            <full-stacktrace>
              <![CDATA[java.lang.AssertionError: expected [true] but found [false]
at org.testng.Assert.fail(Assert.java:99)
at org.testng.Assert.failNotEquals(Assert.java:1037)
at org.testng.Assert.assertTrue(Assert.java:45)
at org.testng.Assert.assertTrue(Assert.java:55)
at com.essen.testCases.TC_LoginTestDDT_002.LoginTestDDT(TC_LoginTestDDT_002.java:36)
at java.base/jdk.internal.reflect.NativeMethodAccessorImpl.invoke0(Native Method)
at java.base/jdk.internal.reflect.NativeMethodAccessorImpl.invoke(NativeMethodAccessorImpl.java:77)
at java.base/jdk.internal.reflect.DelegatingMethodAccessorImpl.invoke(DelegatingMethodAccessorImpl.java:43)
at java.base/java.lang.reflect.Method.invoke(Method.java:568)
at org.testng.internal.MethodInvocationHelper.invokeMethod(MethodInvocationHelper.java:133)
at org.testng.internal.TestInvoker.invokeMethod(TestInvoker.java:598)
at org.testng.internal.TestInvoker.invokeTestMethod(TestInvoker.java:173)
at org.testng.internal.MethodRunner.runInSequence(MethodRunner.java:46)
at org.testng.internal.TestInvoker$MethodInvocationAgent.invoke(TestInvoker.java:824)
at org.testng.internal.TestInvoker.invokeTestMethods(TestInvoker.java:146)
at org.testng.internal.TestMethodWorker.invokeTestMethods(TestMethodWorker.java:146)
at org.testng.internal.TestMethodWorker.run(TestMethodWorker.java:128)
at java.base/java.util.ArrayList.forEach(ArrayList.java:1511)
at org.testng.TestRunner.privateRun(TestRunner.java:794)
at org.testng.TestRunner.run(TestRunner.java:596)
at org.testng.SuiteRunner.runTest(SuiteRunner.java:377)
at org.testng.SuiteRunner.runSequentially(SuiteRunner.java:371)
at org.testng.SuiteRunner.privateRun(SuiteRunner.java:332)
at org.testng.SuiteRunner.run(SuiteRunner.java:276)
at org.testng.SuiteRunnerWorker.runSuite(SuiteRunnerWorker.java:53)
at org.testng.SuiteRunnerWorker.run(SuiteRunnerWorker.java:96)
at org.testng.TestNG.runSuitesSequentially(TestNG.java:1212)
at org.testng.TestNG.runSuitesLocally(TestNG.java:1134)
at org.testng.TestNG.runSuites(TestNG.java:1063)
at org.testng.TestNG.run(TestNG.java:1031)
at org.testng.remote.AbstractRemoteTestNG.run(AbstractRemoteTestNG.java:115)
at org.testng.remote.RemoteTestNG.initAndRun(RemoteTestNG.java:251)
at org.testng.remote.RemoteTestNG.main(RemoteTestNG.java:77)
]]>
            </full-stacktrace>
          </exception> <!-- java.lang.AssertionError -->
          <reporter-output>
          </reporter-output>
        </test-method> <!-- LoginTestDDT -->
        <test-method signature="LoginTestDDT(java.lang.String,java.lang.String)[pri:0, instance:com.essen.testCases.TC_LoginTestDDT_002@4d5650ae]" started-at="2022-03-22T16:48:50 IST" name="LoginTestDDT" description="Login with Multiple Users" data-provider="LoginData" finished-at="2022-03-22T16:48:58 IST" duration-ms="7402" status="PASS">
          <params>
            <param index="0">
              <value>
                <![CDATA[anadkarni@essenmed.com]]>
              </value>
            </param>
            <param index="1">
              <value>
                <![CDATA[Bronx@1995]]>
              </value>
            </param>
          </params>
          <reporter-output>
          </reporter-output>
        </test-method> <!-- LoginTestDDT -->
        <test-method is-config="true" signature="teardown()[pri:0, instance:com.essen.testCases.TC_LoginTestDDT_002@4d5650ae]" started-at="2022-03-22T16:48:58 IST" name="teardown" finished-at="2022-03-22T16:48:58 IST" duration-ms="153" status="PASS">
          <reporter-output>
          </reporter-output>
        </test-method> <!-- teardown -->
      </class> <!-- com.essen.testCases.TC_LoginTestDDT_002 -->
      <class name="com.essen.testCases.TC_TOCHospitalization_004">
        <test-method is-config="true" signature="setup(java.lang.String)[pri:0, instance:com.essen.testCases.TC_TOCHospitalization_004@7b36aa0c]" started-at="2022-03-22T16:49:13 IST" name="setup" finished-at="2022-03-22T16:49:16 IST" duration-ms="2723" status="PASS">
          <params>
            <param index="0">
              <value>
                <![CDATA[chrome]]>
              </value>
            </param>
          </params>
          <reporter-output>
          </reporter-output>
        </test-method> <!-- setup -->
        <test-method signature="TOCTest()[pri:0, instance:com.essen.testCases.TC_TOCHospitalization_004@7b36aa0c]" started-at="2022-03-22T16:49:16 IST" name="TOCTest" finished-at="2022-03-22T16:49:57 IST" duration-ms="41545" status="PASS">
          <reporter-output>
          </reporter-output>
        </test-method> <!-- TOCTest -->
        <test-method is-config="true" signature="teardown()[pri:0, instance:com.essen.testCases.TC_TOCHospitalization_004@7b36aa0c]" started-at="2022-03-22T16:49:57 IST" name="teardown" finished-at="2022-03-22T16:49:57 IST" duration-ms="144" status="PASS">
          <reporter-output>
          </reporter-output>
        </test-method> <!-- teardown -->
      </class> <!-- com.essen.testCases.TC_TOCHospitalization_004 -->
      <class name="com.essen.testCases.TC_UserTest_003">
        <test-method is-config="true" signature="setup(java.lang.String)[pri:0, instance:com.essen.testCases.TC_UserTest_003@a38c7fe]" started-at="2022-03-22T16:48:58 IST" name="setup" finished-at="2022-03-22T16:49:00 IST" duration-ms="2723" status="PASS">
          <params>
            <param index="0">
              <value>
                <![CDATA[chrome]]>
              </value>
            </param>
          </params>
          <reporter-output>
          </reporter-output>
        </test-method> <!-- setup -->
        <test-method signature="UserTest()[pri:0, instance:com.essen.testCases.TC_UserTest_003@a38c7fe]" started-at="2022-03-22T16:49:00 IST" name="UserTest" description="Creation of New Users Randomly" finished-at="2022-03-22T16:49:13 IST" duration-ms="12445" status="PASS">
          <reporter-output>
          </reporter-output>
        </test-method> <!-- UserTest -->
        <test-method is-config="true" signature="teardown()[pri:0, instance:com.essen.testCases.TC_UserTest_003@a38c7fe]" started-at="2022-03-22T16:49:13 IST" name="teardown" finished-at="2022-03-22T16:49:13 IST" duration-ms="148" status="PASS">
          <reporter-output>
          </reporter-output>
        </test-method> <!-- teardown -->
      </class> <!-- com.essen.testCases.TC_UserTest_003 -->
      <class name="com.essen.testCases.TC_PageChecker_005">
        <test-method is-config="true" signature="setup(java.lang.String)[pri:0, instance:com.essen.testCases.TC_PageChecker_005@5677323c]" started-at="2022-03-22T16:49:57 IST" name="setup" finished-at="2022-03-22T16:50:00 IST" duration-ms="2705" status="PASS">
          <params>
            <param index="0">
              <value>
                <![CDATA[chrome]]>
              </value>
            </param>
          </params>
          <reporter-output>
          </reporter-output>
        </test-method> <!-- setup -->
        <test-method signature="Homepagechecker()[pri:1, instance:com.essen.testCases.TC_PageChecker_005@5677323c]" started-at="2022-03-22T16:50:00 IST" name="Homepagechecker" description="To validate the scenario of Home Page" finished-at="2022-03-22T16:50:03 IST" duration-ms="2466" status="PASS">
          <reporter-output>
          </reporter-output>
        </test-method> <!-- Homepagechecker -->
        <test-method signature="myworklistpagechecker()[pri:2, instance:com.essen.testCases.TC_PageChecker_005@5677323c]" started-at="2022-03-22T16:50:03 IST" name="myworklistpagechecker" description="To validate the scenario of My Worklist" finished-at="2022-03-22T16:50:04 IST" duration-ms="1651" status="PASS">
          <reporter-output>
          </reporter-output>
        </test-method> <!-- myworklistpagechecker -->
        <test-method signature="medicalopenenrollpagechecker()[pri:3, instance:com.essen.testCases.TC_PageChecker_005@5677323c]" started-at="2022-03-22T16:50:04 IST" name="medicalopenenrollpagechecker" description="To validate the scenario of Medical open Enrollment" finished-at="2022-03-22T16:50:17 IST" duration-ms="12800" status="PASS">
          <reporter-output>
          </reporter-output>
        </test-method> <!-- medicalopenenrollpagechecker -->
        <test-method signature="consent_DCEAllPatients()[pri:4, instance:com.essen.testCases.TC_PageChecker_005@5677323c]" started-at="2022-03-22T16:50:17 IST" name="consent_DCEAllPatients" description="To validate scenario of Consent&gt;&gt; DCE all patients" finished-at="2022-03-22T16:50:42 IST" duration-ms="25159" status="PASS">
          <reporter-output>
          </reporter-output>
        </test-method> <!-- consent_DCEAllPatients -->
        <test-method signature="HH_EligiblePatients()[pri:5, instance:com.essen.testCases.TC_PageChecker_005@5677323c]" started-at="2022-03-22T16:50:42 IST" name="HH_EligiblePatients" description="To validate scenario of Consent&gt;&gt;HH_EligiblePatients" finished-at="2022-03-22T16:50:44 IST" duration-ms="1999" status="PASS">
          <reporter-output>
          </reporter-output>
        </test-method> <!-- HH_EligiblePatients -->
        <test-method is-config="true" signature="teardown()[pri:0, instance:com.essen.testCases.TC_PageChecker_005@5677323c]" started-at="2022-03-22T16:50:44 IST" name="teardown" finished-at="2022-03-22T16:50:44 IST" duration-ms="156" status="PASS">
          <reporter-output>
          </reporter-output>
        </test-method> <!-- teardown -->
      </class> <!-- com.essen.testCases.TC_PageChecker_005 -->
      <class name="com.essen.testCases.TC_LoginTest_001">
        <test-method is-config="true" signature="setup(java.lang.String)[pri:0, instance:com.essen.testCases.TC_LoginTest_001@4f80542f]" started-at="2022-03-22T16:47:53 IST" name="setup" finished-at="2022-03-22T16:48:00 IST" duration-ms="7455" status="PASS">
          <params>
            <param index="0">
              <value>
                <![CDATA[chrome]]>
              </value>
            </param>
          </params>
          <reporter-output>
          </reporter-output>
        </test-method> <!-- setup -->
        <test-method signature="logintest1()[pri:0, instance:com.essen.testCases.TC_LoginTest_001@4f80542f]" started-at="2022-03-22T16:48:00 IST" name="logintest1" description="To check whether user was able to Login to the Page or Not with single User" finished-at="2022-03-22T16:48:04 IST" duration-ms="3774" status="PASS">
          <reporter-output>
          </reporter-output>
        </test-method> <!-- logintest1 -->
        <test-method is-config="true" signature="teardown()[pri:0, instance:com.essen.testCases.TC_LoginTest_001@4f80542f]" started-at="2022-03-22T16:48:04 IST" name="teardown" finished-at="2022-03-22T16:48:04 IST" duration-ms="128" status="PASS">
          <reporter-output>
          </reporter-output>
        </test-method> <!-- teardown -->
      </class> <!-- com.essen.testCases.TC_LoginTest_001 -->
    </test> <!-- eCares -->
  </suite> <!-- Essen -->
</testng-results>
