<?xml version="1.0" encoding="UTF-8"?>
<testng-results ignored="0" total="5" passed="5" failed="0" skipped="0">
  <reporter-output>
  </reporter-output>
  <suite started-at="2022-03-22T14:15:56 IST" name="Essen" finished-at="2022-03-22T14:16:59 IST" duration-ms="62362">
    <groups>
    </groups>
    <test started-at="2022-03-22T14:15:56 IST" name="eCares" finished-at="2022-03-22T14:16:59 IST" duration-ms="62362">
      <class name="com.essen.testCases.TC_PageChecker_005">
        <test-method is-config="true" signature="setup(java.lang.String)[pri:0, instance:com.essen.testCases.TC_PageChecker_005@1b11171f]" started-at="2022-03-22T14:15:57 IST" name="setup" finished-at="2022-03-22T14:16:03 IST" duration-ms="6812" status="PASS">
          <params>
            <param index="0">
              <value>
                <![CDATA[chrome]]>
              </value>
            </param>
          </params>
          <reporter-output>
          </reporter-output>
        </test-method> <!-- setup -->
        <test-method signature="Homepagechecker()[pri:1, instance:com.essen.testCases.TC_PageChecker_005@1b11171f]" started-at="2022-03-22T14:16:03 IST" name="Homepagechecker" description="To validate the scenario of Home Page" finished-at="2022-03-22T14:16:25 IST" duration-ms="21718" status="PASS">
          <reporter-output>
          </reporter-output>
        </test-method> <!-- Homepagechecker -->
        <test-method signature="myworklistpagechecker()[pri:2, instance:com.essen.testCases.TC_PageChecker_005@1b11171f]" started-at="2022-03-22T14:16:25 IST" name="myworklistpagechecker" description="To validate the scenario of My Worklist" finished-at="2022-03-22T14:16:28 IST" duration-ms="2973" status="PASS">
          <reporter-output>
          </reporter-output>
        </test-method> <!-- myworklistpagechecker -->
        <test-method signature="medicalopenenrollpagechecker()[pri:3, instance:com.essen.testCases.TC_PageChecker_005@1b11171f]" started-at="2022-03-22T14:16:28 IST" name="medicalopenenrollpagechecker" description="To validate the scenario of Medical open Enrollment" finished-at="2022-03-22T14:16:30 IST" duration-ms="1881" status="PASS">
          <reporter-output>
          </reporter-output>
        </test-method> <!-- medicalopenenrollpagechecker -->
        <test-method signature="consent_DCEAllPatients()[pri:4, instance:com.essen.testCases.TC_PageChecker_005@1b11171f]" started-at="2022-03-22T14:16:30 IST" name="consent_DCEAllPatients" description="To validate scenario of Consent&gt;&gt; DCE all patients" finished-at="2022-03-22T14:16:56 IST" duration-ms="26558" status="PASS">
          <reporter-output>
          </reporter-output>
        </test-method> <!-- consent_DCEAllPatients -->
        <test-method signature="HH_EligiblePatients()[pri:5, instance:com.essen.testCases.TC_PageChecker_005@1b11171f]" started-at="2022-03-22T14:16:56 IST" name="HH_EligiblePatients" description="To validate scenario of Consent&gt;&gt;HH_EligiblePatients" finished-at="2022-03-22T14:16:59 IST" duration-ms="2168" status="PASS">
          <reporter-output>
          </reporter-output>
        </test-method> <!-- HH_EligiblePatients -->
      </class> <!-- com.essen.testCases.TC_PageChecker_005 -->
    </test> <!-- eCares -->
  </suite> <!-- Essen -->
</testng-results>
