<?xml version="1.0" encoding="UTF-8"?>
<testng-results ignored="0" total="7" passed="7" failed="0" skipped="0">
  <reporter-output>
  </reporter-output>
  <suite started-at="2022-05-10T15:17:38 IST" name="Essen" finished-at="2022-05-10T15:18:51 IST" duration-ms="72615">
    <groups>
    </groups>
    <test started-at="2022-05-10T15:17:38 IST" name="eCares" finished-at="2022-05-10T15:18:51 IST" duration-ms="72615">
      <class name="com.essen.testCases.TC_PageChecker_005">
        <test-method is-config="true" signature="setup(java.lang.String)[pri:0, instance:com.essen.testCases.TC_PageChecker_005@428640fa]" started-at="2022-05-10T15:17:38 IST" name="setup" finished-at="2022-05-10T15:17:45 IST" duration-ms="6528" status="PASS">
          <params>
            <param index="0">
              <value>
                <![CDATA[chrome]]>
              </value>
            </param>
          </params>
          <reporter-output>
          </reporter-output>
        </test-method> <!-- setup -->
        <test-method signature="Homepagechecker()[pri:1, instance:com.essen.testCases.TC_PageChecker_005@428640fa]" started-at="2022-05-10T15:17:45 IST" name="Homepagechecker" description="To validate the scenario of Home Page" finished-at="2022-05-10T15:17:45 IST" duration-ms="84" status="PASS">
          <reporter-output>
          </reporter-output>
        </test-method> <!-- Homepagechecker -->
        <test-method signature="myworklistpagechecker()[pri:2, instance:com.essen.testCases.TC_PageChecker_005@428640fa]" started-at="2022-05-10T15:17:45 IST" name="myworklistpagechecker" description="To validate the scenario of My Worklist" finished-at="2022-05-10T15:17:46 IST" duration-ms="1141" status="PASS">
          <reporter-output>
          </reporter-output>
        </test-method> <!-- myworklistpagechecker -->
        <test-method signature="medicalopenenrollpagechecker()[pri:3, instance:com.essen.testCases.TC_PageChecker_005@428640fa]" started-at="2022-05-10T15:17:46 IST" name="medicalopenenrollpagechecker" description="To validate the scenario of Medicare open Enrollment" finished-at="2022-05-10T15:17:58 IST" duration-ms="12341" status="PASS">
          <reporter-output>
          </reporter-output>
        </test-method> <!-- medicalopenenrollpagechecker -->
        <test-method signature="consent_DCEAllPatients()[pri:4, instance:com.essen.testCases.TC_PageChecker_005@428640fa]" started-at="2022-05-10T15:17:58 IST" name="consent_DCEAllPatients" description="To validate scenario of Consent&gt;&gt; DCE all patients" finished-at="2022-05-10T15:18:11 IST" duration-ms="12889" status="PASS">
          <reporter-output>
          </reporter-output>
        </test-method> <!-- consent_DCEAllPatients -->
        <test-method signature="HH_EligiblePatients()[pri:5, instance:com.essen.testCases.TC_PageChecker_005@428640fa]" started-at="2022-05-10T15:18:11 IST" name="HH_EligiblePatients" description="To validate scenario of Consent&gt;&gt;HH_EligiblePatients" finished-at="2022-05-10T15:18:23 IST" duration-ms="12170" status="PASS">
          <reporter-output>
          </reporter-output>
        </test-method> <!-- HH_EligiblePatients -->
        <test-method signature="RhioConsent()[pri:6, instance:com.essen.testCases.TC_PageChecker_005@428640fa]" started-at="2022-05-10T15:18:23 IST" name="RhioConsent" description="To validate scenarion of RHIO consent" finished-at="2022-05-10T15:18:38 IST" duration-ms="14106" status="PASS">
          <reporter-output>
          </reporter-output>
        </test-method> <!-- RhioConsent -->
        <test-method signature="CCMAllPatients()[pri:7, instance:com.essen.testCases.TC_PageChecker_005@428640fa]" started-at="2022-05-10T15:18:38 IST" name="CCMAllPatients" description="To test page validation of CCM - All Patients" finished-at="2022-05-10T15:18:51 IST" duration-ms="12954" status="PASS">
          <reporter-output>
          </reporter-output>
        </test-method> <!-- CCMAllPatients -->
        <test-method is-config="true" signature="teardown()[pri:0, instance:com.essen.testCases.TC_PageChecker_005@428640fa]" started-at="2022-05-10T15:18:51 IST" name="teardown" finished-at="2022-05-10T15:18:51 IST" duration-ms="162" status="PASS">
          <reporter-output>
          </reporter-output>
        </test-method> <!-- teardown -->
      </class> <!-- com.essen.testCases.TC_PageChecker_005 -->
    </test> <!-- eCares -->
  </suite> <!-- Essen -->
</testng-results>
