<?xml version="1.0" encoding="UTF-8"?>
<testng-results ignored="0" total="1" passed="1" failed="0" skipped="0">
  <reporter-output>
  </reporter-output>
  <suite started-at="2022-06-30T11:53:40 IST" name="Essen" finished-at="2022-06-30T11:54:18 IST" duration-ms="37453">
    <groups>
    </groups>
    <test started-at="2022-06-30T11:53:40 IST" name="eCares" finished-at="2022-06-30T11:54:18 IST" duration-ms="37453">
      <class name="com.essen.testCases.TC_SSRSChecker">
        <test-method is-config="true" signature="setup(java.lang.String)[pri:0, instance:com.essen.testCases.TC_SSRSChecker@1151e434]" started-at="2022-06-30T11:53:41 IST" name="setup" finished-at="2022-06-30T11:53:49 IST" duration-ms="8696" status="PASS">
          <params>
            <param index="0">
              <value>
                <![CDATA[chrome]]>
              </value>
            </param>
          </params>
          <reporter-output>
          </reporter-output>
        </test-method> <!-- setup -->
        <test-method signature="SSRSReportChecker()[pri:0, instance:com.essen.testCases.TC_SSRSChecker@1151e434]" started-at="2022-06-30T11:53:49 IST" name="SSRSReportChecker" description="To test KioskCheckInsReport validation" finished-at="2022-06-30T11:54:18 IST" duration-ms="28133" status="PASS">
          <reporter-output>
          </reporter-output>
        </test-method> <!-- SSRSReportChecker -->
        <test-method is-config="true" signature="teardown()[pri:0, instance:com.essen.testCases.TC_SSRSChecker@1151e434]" started-at="2022-06-30T11:54:18 IST" name="teardown" finished-at="2022-06-30T11:54:18 IST" duration-ms="292" status="PASS">
          <reporter-output>
          </reporter-output>
        </test-method> <!-- teardown -->
      </class> <!-- com.essen.testCases.TC_SSRSChecker -->
    </test> <!-- eCares -->
  </suite> <!-- Essen -->
</testng-results>
