<?xml version="1.0" encoding="UTF-8"?>
<testng-results ignored="0" total="8" passed="8" failed="0" skipped="0">
  <reporter-output>
  </reporter-output>
  <suite started-at="2022-04-25T23:04:42 IST" name="Essen" finished-at="2022-04-25T23:06:21 IST" duration-ms="99174">
    <groups>
    </groups>
    <test started-at="2022-04-25T23:04:42 IST" name="eCares" finished-at="2022-04-25T23:06:21 IST" duration-ms="99174">
      <class name="com.essen.testCases.TC_PageChecker_005">
        <test-method is-config="true" signature="setup(java.lang.String)[pri:0, instance:com.essen.testCases.TC_PageChecker_005@4efac082]" started-at="2022-04-25T23:04:42 IST" name="setup" finished-at="2022-04-25T23:04:46 IST" duration-ms="3513" status="PASS">
          <params>
            <param index="0">
              <value>
                <![CDATA[chrome]]>
              </value>
            </param>
          </params>
          <reporter-output>
          </reporter-output>
        </test-method> <!-- setup -->
        <test-method signature="Homepagechecker()[pri:1, instance:com.essen.testCases.TC_PageChecker_005@4efac082]" started-at="2022-04-25T23:04:46 IST" name="Homepagechecker" description="To validate the scenario of Home Page" finished-at="2022-04-25T23:04:48 IST" duration-ms="2326" status="PASS">
          <reporter-output>
          </reporter-output>
        </test-method> <!-- Homepagechecker -->
        <test-method signature="myworklistpagechecker()[pri:2, instance:com.essen.testCases.TC_PageChecker_005@4efac082]" started-at="2022-04-25T23:04:48 IST" name="myworklistpagechecker" description="To validate the scenario of My Worklist" finished-at="2022-04-25T23:04:50 IST" duration-ms="1581" status="PASS">
          <reporter-output>
          </reporter-output>
        </test-method> <!-- myworklistpagechecker -->
        <test-method signature="medicalopenenrollpagechecker()[pri:3, instance:com.essen.testCases.TC_PageChecker_005@4efac082]" started-at="2022-04-25T23:04:50 IST" name="medicalopenenrollpagechecker" description="To validate the scenario of Medical open Enrollment" finished-at="2022-04-25T23:04:51 IST" duration-ms="1490" status="PASS">
          <reporter-output>
          </reporter-output>
        </test-method> <!-- medicalopenenrollpagechecker -->
        <test-method signature="consent_DCEAllPatients()[pri:4, instance:com.essen.testCases.TC_PageChecker_005@4efac082]" started-at="2022-04-25T23:04:51 IST" name="consent_DCEAllPatients" description="To validate scenario of Consent&gt;&gt; DCE all patients" finished-at="2022-04-25T23:05:05 IST" duration-ms="14076" status="PASS">
          <reporter-output>
          </reporter-output>
        </test-method> <!-- consent_DCEAllPatients -->
        <test-method signature="HH_EligiblePatients()[pri:5, instance:com.essen.testCases.TC_PageChecker_005@4efac082]" started-at="2022-04-25T23:05:05 IST" name="HH_EligiblePatients" description="To validate scenario of Consent&gt;&gt;HH_EligiblePatients" finished-at="2022-04-25T23:05:19 IST" duration-ms="13742" status="PASS">
          <reporter-output>
          </reporter-output>
        </test-method> <!-- HH_EligiblePatients -->
        <test-method signature="RhioConsent()[pri:6, instance:com.essen.testCases.TC_PageChecker_005@4efac082]" started-at="2022-04-25T23:05:19 IST" name="RhioConsent" description="To validate scenarion of RHIO consent" finished-at="2022-04-25T23:05:45 IST" duration-ms="26269" status="PASS">
          <reporter-output>
          </reporter-output>
        </test-method> <!-- RhioConsent -->
        <test-method signature="CCMAllPatients()[pri:7, instance:com.essen.testCases.TC_PageChecker_005@4efac082]" started-at="2022-04-25T23:05:45 IST" name="CCMAllPatients" description="To test page validation of CCM - All Patients" finished-at="2022-04-25T23:06:09 IST" duration-ms="23847" status="PASS">
          <reporter-output>
          </reporter-output>
        </test-method> <!-- CCMAllPatients -->
        <test-method signature="CCHDashboard()[pri:8, instance:com.essen.testCases.TC_PageChecker_005@4efac082]" started-at="2022-04-25T23:06:09 IST" name="CCHDashboard" description="To check page validation of CCM Dashboard" finished-at="2022-04-25T23:06:21 IST" duration-ms="11980" status="PASS">
          <reporter-output>
          </reporter-output>
        </test-method> <!-- CCHDashboard -->
        <test-method is-config="true" signature="teardown()[pri:0, instance:com.essen.testCases.TC_PageChecker_005@4efac082]" started-at="2022-04-25T23:06:21 IST" name="teardown" finished-at="2022-04-25T23:06:21 IST" duration-ms="153" status="PASS">
          <reporter-output>
          </reporter-output>
        </test-method> <!-- teardown -->
      </class> <!-- com.essen.testCases.TC_PageChecker_005 -->
    </test> <!-- eCares -->
  </suite> <!-- Essen -->
</testng-results>
