<?xml version="1.0" encoding="UTF-8"?>
<testng-results ignored="0" total="14" passed="12" failed="2" skipped="0">
  <reporter-output>
  </reporter-output>
  <suite started-at="2022-05-20T23:18:17 IST" name="Essen" finished-at="2022-05-20T23:21:25 IST" duration-ms="188186">
    <groups>
    </groups>
    <test started-at="2022-05-20T23:18:17 IST" name="eCares" finished-at="2022-05-20T23:21:25 IST" duration-ms="188186">
      <class name="com.essen.testCases.TC_LoginTestDDT_002">
        <test-method is-config="true" signature="setup(java.lang.String)[pri:0, instance:com.essen.testCases.TC_LoginTestDDT_002@6fdbe764]" started-at="2022-05-20T23:18:27 IST" name="setup" finished-at="2022-05-20T23:18:31 IST" duration-ms="3323" status="PASS">
          <params>
            <param index="0">
              <value>
                <![CDATA[chrome]]>
              </value>
            </param>
          </params>
          <reporter-output>
          </reporter-output>
        </test-method> <!-- setup -->
        <test-method signature="LoginTestDDT(java.lang.String,java.lang.String)[pri:0, instance:com.essen.testCases.TC_LoginTestDDT_002@6fdbe764]" started-at="2022-05-20T23:18:31 IST" name="LoginTestDDT" description="Login with Multiple Users" data-provider="LoginData" finished-at="2022-05-20T23:18:48 IST" duration-ms="17006" status="PASS">
          <params>
            <param index="0">
              <value>
                <![CDATA[adityatest2]]>
              </value>
            </param>
            <param index="1">
              <value>
                <![CDATA[Pass$12345]]>
              </value>
            </param>
          </params>
          <reporter-output>
          </reporter-output>
        </test-method> <!-- LoginTestDDT -->
        <test-method signature="LoginTestDDT(java.lang.String,java.lang.String)[pri:0, instance:com.essen.testCases.TC_LoginTestDDT_002@6fdbe764]" started-at="2022-05-20T23:18:48 IST" name="LoginTestDDT" description="Login with Multiple Users" data-provider="LoginData" finished-at="2022-05-20T23:19:01 IST" duration-ms="12858" status="FAIL">
          <params>
            <param index="0">
              <value>
                <![CDATA[adityatest2]]>
              </value>
            </param>
            <param index="1">
              <value>
                <![CDATA[Pass$123]]>
              </value>
            </param>
          </params>
          <exception class="java.lang.AssertionError">
            <message>
              <![CDATA[The following asserts failed:
expected [true] but found [false]]]>
            </message>
            <full-stacktrace>
              <![CDATA[java.lang.AssertionError: The following asserts failed:
expected [true] but found [false]
at org.testng.asserts.SoftAssert.assertAll(SoftAssert.java:47)
at org.testng.asserts.SoftAssert.assertAll(SoftAssert.java:31)
at com.essen.testCases.TC_LoginTestDDT_002.LoginTestDDT(TC_LoginTestDDT_002.java:40)
at java.base/jdk.internal.reflect.NativeMethodAccessorImpl.invoke0(Native Method)
at java.base/jdk.internal.reflect.NativeMethodAccessorImpl.invoke(NativeMethodAccessorImpl.java:77)
at java.base/jdk.internal.reflect.DelegatingMethodAccessorImpl.invoke(DelegatingMethodAccessorImpl.java:43)
at java.base/java.lang.reflect.Method.invoke(Method.java:568)
at org.testng.internal.MethodInvocationHelper.invokeMethod(MethodInvocationHelper.java:133)
at org.testng.internal.TestInvoker.invokeMethod(TestInvoker.java:598)
at org.testng.internal.TestInvoker.invokeTestMethod(TestInvoker.java:173)
at org.testng.internal.MethodRunner.runInSequence(MethodRunner.java:46)
at org.testng.internal.TestInvoker$MethodInvocationAgent.invoke(TestInvoker.java:824)
at org.testng.internal.TestInvoker.invokeTestMethods(TestInvoker.java:146)
at org.testng.internal.TestMethodWorker.invokeTestMethods(TestMethodWorker.java:146)
at org.testng.internal.TestMethodWorker.run(TestMethodWorker.java:128)
at java.base/java.util.ArrayList.forEach(ArrayList.java:1511)
at org.testng.TestRunner.privateRun(TestRunner.java:794)
at org.testng.TestRunner.run(TestRunner.java:596)
at org.testng.SuiteRunner.runTest(SuiteRunner.java:377)
at org.testng.SuiteRunner.runSequentially(SuiteRunner.java:371)
at org.testng.SuiteRunner.privateRun(SuiteRunner.java:332)
at org.testng.SuiteRunner.run(SuiteRunner.java:276)
at org.testng.SuiteRunnerWorker.runSuite(SuiteRunnerWorker.java:53)
at org.testng.SuiteRunnerWorker.run(SuiteRunnerWorker.java:96)
at org.testng.TestNG.runSuitesSequentially(TestNG.java:1212)
at org.testng.TestNG.runSuitesLocally(TestNG.java:1134)
at org.testng.TestNG.runSuites(TestNG.java:1063)
at org.testng.TestNG.run(TestNG.java:1031)
at org.testng.remote.AbstractRemoteTestNG.run(AbstractRemoteTestNG.java:115)
at org.testng.remote.RemoteTestNG.initAndRun(RemoteTestNG.java:251)
at org.testng.remote.RemoteTestNG.main(RemoteTestNG.java:77)
]]>
            </full-stacktrace>
          </exception> <!-- java.lang.AssertionError -->
          <reporter-output>
          </reporter-output>
        </test-method> <!-- LoginTestDDT -->
        <test-method signature="LoginTestDDT(java.lang.String,java.lang.String)[pri:0, instance:com.essen.testCases.TC_LoginTestDDT_002@6fdbe764]" started-at="2022-05-20T23:19:01 IST" name="LoginTestDDT" description="Login with Multiple Users" data-provider="LoginData" finished-at="2022-05-20T23:19:14 IST" duration-ms="12762" status="FAIL">
          <params>
            <param index="0">
              <value>
                <![CDATA[aditya2]]>
              </value>
            </param>
            <param index="1">
              <value>
                <![CDATA[Pass$123]]>
              </value>
            </param>
          </params>
          <exception class="java.lang.AssertionError">
            <message>
              <![CDATA[The following asserts failed:
expected [true] but found [false]]]>
            </message>
            <full-stacktrace>
              <![CDATA[java.lang.AssertionError: The following asserts failed:
expected [true] but found [false]
at org.testng.asserts.SoftAssert.assertAll(SoftAssert.java:47)
at org.testng.asserts.SoftAssert.assertAll(SoftAssert.java:31)
at com.essen.testCases.TC_LoginTestDDT_002.LoginTestDDT(TC_LoginTestDDT_002.java:40)
at java.base/jdk.internal.reflect.NativeMethodAccessorImpl.invoke0(Native Method)
at java.base/jdk.internal.reflect.NativeMethodAccessorImpl.invoke(NativeMethodAccessorImpl.java:77)
at java.base/jdk.internal.reflect.DelegatingMethodAccessorImpl.invoke(DelegatingMethodAccessorImpl.java:43)
at java.base/java.lang.reflect.Method.invoke(Method.java:568)
at org.testng.internal.MethodInvocationHelper.invokeMethod(MethodInvocationHelper.java:133)
at org.testng.internal.TestInvoker.invokeMethod(TestInvoker.java:598)
at org.testng.internal.TestInvoker.invokeTestMethod(TestInvoker.java:173)
at org.testng.internal.MethodRunner.runInSequence(MethodRunner.java:46)
at org.testng.internal.TestInvoker$MethodInvocationAgent.invoke(TestInvoker.java:824)
at org.testng.internal.TestInvoker.invokeTestMethods(TestInvoker.java:146)
at org.testng.internal.TestMethodWorker.invokeTestMethods(TestMethodWorker.java:146)
at org.testng.internal.TestMethodWorker.run(TestMethodWorker.java:128)
at java.base/java.util.ArrayList.forEach(ArrayList.java:1511)
at org.testng.TestRunner.privateRun(TestRunner.java:794)
at org.testng.TestRunner.run(TestRunner.java:596)
at org.testng.SuiteRunner.runTest(SuiteRunner.java:377)
at org.testng.SuiteRunner.runSequentially(SuiteRunner.java:371)
at org.testng.SuiteRunner.privateRun(SuiteRunner.java:332)
at org.testng.SuiteRunner.run(SuiteRunner.java:276)
at org.testng.SuiteRunnerWorker.runSuite(SuiteRunnerWorker.java:53)
at org.testng.SuiteRunnerWorker.run(SuiteRunnerWorker.java:96)
at org.testng.TestNG.runSuitesSequentially(TestNG.java:1212)
at org.testng.TestNG.runSuitesLocally(TestNG.java:1134)
at org.testng.TestNG.runSuites(TestNG.java:1063)
at org.testng.TestNG.run(TestNG.java:1031)
at org.testng.remote.AbstractRemoteTestNG.run(AbstractRemoteTestNG.java:115)
at org.testng.remote.RemoteTestNG.initAndRun(RemoteTestNG.java:251)
at org.testng.remote.RemoteTestNG.main(RemoteTestNG.java:77)
]]>
            </full-stacktrace>
          </exception> <!-- java.lang.AssertionError -->
          <reporter-output>
          </reporter-output>
        </test-method> <!-- LoginTestDDT -->
        <test-method signature="LoginTestDDT(java.lang.String,java.lang.String)[pri:0, instance:com.essen.testCases.TC_LoginTestDDT_002@6fdbe764]" started-at="2022-05-20T23:19:14 IST" name="LoginTestDDT" description="Login with Multiple Users" data-provider="LoginData" finished-at="2022-05-20T23:19:22 IST" duration-ms="8429" status="PASS">
          <params>
            <param index="0">
              <value>
                <![CDATA[anadkarni@essenmed.com]]>
              </value>
            </param>
            <param index="1">
              <value>
                <![CDATA[Bronx@2022]]>
              </value>
            </param>
          </params>
          <reporter-output>
          </reporter-output>
        </test-method> <!-- LoginTestDDT -->
        <test-method is-config="true" signature="teardown()[pri:0, instance:com.essen.testCases.TC_LoginTestDDT_002@6fdbe764]" started-at="2022-05-20T23:19:22 IST" name="teardown" finished-at="2022-05-20T23:19:23 IST" duration-ms="222" status="PASS">
          <reporter-output>
          </reporter-output>
        </test-method> <!-- teardown -->
      </class> <!-- com.essen.testCases.TC_LoginTestDDT_002 -->
      <class name="com.essen.testCases.TC_TOCHospitalization_004">
        <test-method is-config="true" signature="setup(java.lang.String)[pri:0, instance:com.essen.testCases.TC_TOCHospitalization_004@537f60bf]" started-at="2022-05-20T23:19:44 IST" name="setup" finished-at="2022-05-20T23:19:47 IST" duration-ms="3311" status="PASS">
          <params>
            <param index="0">
              <value>
                <![CDATA[chrome]]>
              </value>
            </param>
          </params>
          <reporter-output>
          </reporter-output>
        </test-method> <!-- setup -->
        <test-method signature="TOCTest()[pri:0, instance:com.essen.testCases.TC_TOCHospitalization_004@537f60bf]" started-at="2022-05-20T23:19:47 IST" name="TOCTest" finished-at="2022-05-20T23:20:19 IST" duration-ms="31415" status="PASS">
          <reporter-output>
          </reporter-output>
        </test-method> <!-- TOCTest -->
        <test-method is-config="true" signature="teardown()[pri:0, instance:com.essen.testCases.TC_TOCHospitalization_004@537f60bf]" started-at="2022-05-20T23:20:19 IST" name="teardown" finished-at="2022-05-20T23:20:19 IST" duration-ms="194" status="PASS">
          <reporter-output>
          </reporter-output>
        </test-method> <!-- teardown -->
      </class> <!-- com.essen.testCases.TC_TOCHospitalization_004 -->
      <class name="com.essen.testCases.TC_UserTest_003">
        <test-method is-config="true" signature="setup(java.lang.String)[pri:0, instance:com.essen.testCases.TC_UserTest_003@51c668e3]" started-at="2022-05-20T23:19:23 IST" name="setup" finished-at="2022-05-20T23:19:26 IST" duration-ms="3349" status="PASS">
          <params>
            <param index="0">
              <value>
                <![CDATA[chrome]]>
              </value>
            </param>
          </params>
          <reporter-output>
          </reporter-output>
        </test-method> <!-- setup -->
        <test-method signature="UserTest()[pri:0, instance:com.essen.testCases.TC_UserTest_003@51c668e3]" started-at="2022-05-20T23:19:26 IST" name="UserTest" description="Creation of New Users Randomly" finished-at="2022-05-20T23:19:44 IST" duration-ms="17756" status="PASS">
          <reporter-output>
          </reporter-output>
        </test-method> <!-- UserTest -->
        <test-method is-config="true" signature="teardown()[pri:0, instance:com.essen.testCases.TC_UserTest_003@51c668e3]" started-at="2022-05-20T23:19:44 IST" name="teardown" finished-at="2022-05-20T23:19:44 IST" duration-ms="243" status="PASS">
          <reporter-output>
          </reporter-output>
        </test-method> <!-- teardown -->
      </class> <!-- com.essen.testCases.TC_UserTest_003 -->
      <class name="com.essen.testCases.TC_PageChecker_005">
        <test-method is-config="true" signature="setup(java.lang.String)[pri:0, instance:com.essen.testCases.TC_PageChecker_005@65c7a252]" started-at="2022-05-20T23:20:19 IST" name="setup" finished-at="2022-05-20T23:20:22 IST" duration-ms="3223" status="PASS">
          <params>
            <param index="0">
              <value>
                <![CDATA[chrome]]>
              </value>
            </param>
          </params>
          <reporter-output>
          </reporter-output>
        </test-method> <!-- setup -->
        <test-method signature="Homepagechecker()[pri:1, instance:com.essen.testCases.TC_PageChecker_005@65c7a252]" started-at="2022-05-20T23:20:22 IST" name="Homepagechecker" description="To validate the scenario of Home Page" finished-at="2022-05-20T23:20:24 IST" duration-ms="2346" status="PASS">
          <reporter-output>
          </reporter-output>
        </test-method> <!-- Homepagechecker -->
        <test-method signature="myworklistpagechecker()[pri:2, instance:com.essen.testCases.TC_PageChecker_005@65c7a252]" started-at="2022-05-20T23:20:24 IST" name="myworklistpagechecker" description="To validate the scenario of My Worklist" finished-at="2022-05-20T23:20:26 IST" duration-ms="1369" status="PASS">
          <reporter-output>
          </reporter-output>
        </test-method> <!-- myworklistpagechecker -->
        <test-method signature="medicalopenenrollpagechecker()[pri:3, instance:com.essen.testCases.TC_PageChecker_005@65c7a252]" started-at="2022-05-20T23:20:26 IST" name="medicalopenenrollpagechecker" description="To validate the scenario of Medicare open Enrollment" finished-at="2022-05-20T23:20:40 IST" duration-ms="13831" status="PASS">
          <reporter-output>
          </reporter-output>
        </test-method> <!-- medicalopenenrollpagechecker -->
        <test-method signature="consent_DCEAllPatients()[pri:4, instance:com.essen.testCases.TC_PageChecker_005@65c7a252]" started-at="2022-05-20T23:20:40 IST" name="consent_DCEAllPatients" description="To validate scenario of Consent&gt;&gt; DCE all patients" finished-at="2022-05-20T23:20:43 IST" duration-ms="3400" status="PASS">
          <reporter-output>
          </reporter-output>
        </test-method> <!-- consent_DCEAllPatients -->
        <test-method signature="HH_EligiblePatients()[pri:5, instance:com.essen.testCases.TC_PageChecker_005@65c7a252]" started-at="2022-05-20T23:20:43 IST" name="HH_EligiblePatients" description="To validate scenario of Consent&gt;&gt;HH_EligiblePatients" finished-at="2022-05-20T23:20:56 IST" duration-ms="12984" status="PASS">
          <reporter-output>
          </reporter-output>
        </test-method> <!-- HH_EligiblePatients -->
        <test-method signature="RhioConsent()[pri:6, instance:com.essen.testCases.TC_PageChecker_005@65c7a252]" started-at="2022-05-20T23:20:56 IST" name="RhioConsent" description="To validate scenarion of RHIO consent" finished-at="2022-05-20T23:21:11 IST" duration-ms="14724" status="PASS">
          <reporter-output>
          </reporter-output>
        </test-method> <!-- RhioConsent -->
        <test-method signature="CCMAllPatients()[pri:7, instance:com.essen.testCases.TC_PageChecker_005@65c7a252]" started-at="2022-05-20T23:21:11 IST" name="CCMAllPatients" description="To test page validation of CCM - All Patients" finished-at="2022-05-20T23:21:25 IST" duration-ms="14000" status="PASS">
          <reporter-output>
          </reporter-output>
        </test-method> <!-- CCMAllPatients -->
        <test-method is-config="true" signature="teardown()[pri:0, instance:com.essen.testCases.TC_PageChecker_005@65c7a252]" started-at="2022-05-20T23:21:25 IST" name="teardown" finished-at="2022-05-20T23:21:25 IST" duration-ms="188" status="PASS">
          <reporter-output>
          </reporter-output>
        </test-method> <!-- teardown -->
      </class> <!-- com.essen.testCases.TC_PageChecker_005 -->
      <class name="com.essen.testCases.TC_LoginTest_001">
        <test-method is-config="true" signature="setup(java.lang.String)[pri:0, instance:com.essen.testCases.TC_LoginTest_001@121314f7]" started-at="2022-05-20T23:18:17 IST" name="setup" finished-at="2022-05-20T23:18:22 IST" duration-ms="5425" status="PASS">
          <params>
            <param index="0">
              <value>
                <![CDATA[chrome]]>
              </value>
            </param>
          </params>
          <reporter-output>
          </reporter-output>
        </test-method> <!-- setup -->
        <test-method signature="logintest1()[pri:0, instance:com.essen.testCases.TC_LoginTest_001@121314f7]" started-at="2022-05-20T23:18:22 IST" name="logintest1" description="To check whether user was able to Login to the Page or Not with single User" finished-at="2022-05-20T23:18:27 IST" duration-ms="4594" status="PASS">
          <reporter-output>
          </reporter-output>
        </test-method> <!-- logintest1 -->
        <test-method is-config="true" signature="teardown()[pri:0, instance:com.essen.testCases.TC_LoginTest_001@121314f7]" started-at="2022-05-20T23:18:27 IST" name="teardown" finished-at="2022-05-20T23:18:27 IST" duration-ms="209" status="PASS">
          <reporter-output>
          </reporter-output>
        </test-method> <!-- teardown -->
      </class> <!-- com.essen.testCases.TC_LoginTest_001 -->
    </test> <!-- eCares -->
  </suite> <!-- Essen -->
</testng-results>
