<?xml version="1.0" encoding="UTF-8"?>
<!-- Generated by org.testng.reporters.JUnitXMLReporter -->
<testsuite ignored="0" hostname="LT246" failures="2" tests="14" name="eCares" time="188.186" errors="0" timestamp="2022-05-20T23:21:25 IST">
  <testcase classname="com.essen.testCases.TC_LoginTest_001" name="logintest1" time="4.594"/>
  <testcase classname="com.essen.testCases.TC_LoginTestDDT_002" name="LoginTestDDT" time="17.006"/>
  <testcase classname="com.essen.testCases.TC_LoginTestDDT_002" name="LoginTestDDT" time="12.858">
    <failure type="java.lang.AssertionError" message="The following asserts failed:
	expected [true] but found [false]">
      <![CDATA[java.lang.AssertionError: The following asserts failed:
expected [true] but found [false]
at com.essen.testCases.TC_LoginTestDDT_002.LoginTestDDT(TC_LoginTestDDT_002.java:40)
at java.base/java.util.ArrayList.forEach(ArrayList.java:1511)
... Removed 29 stack frames]]>
    </failure>
  </testcase> <!-- LoginTestDDT -->
  <testcase classname="com.essen.testCases.TC_LoginTestDDT_002" name="LoginTestDDT" time="12.762">
    <failure type="java.lang.AssertionError" message="The following asserts failed:
	expected [true] but found [false]">
      <![CDATA[java.lang.AssertionError: The following asserts failed:
expected [true] but found [false]
at com.essen.testCases.TC_LoginTestDDT_002.LoginTestDDT(TC_LoginTestDDT_002.java:40)
at java.base/java.util.ArrayList.forEach(ArrayList.java:1511)
... Removed 29 stack frames]]>
    </failure>
  </testcase> <!-- LoginTestDDT -->
  <testcase classname="com.essen.testCases.TC_LoginTestDDT_002" name="LoginTestDDT" time="8.429"/>
  <testcase classname="com.essen.testCases.TC_UserTest_003" name="UserTest" time="17.756"/>
  <testcase classname="com.essen.testCases.TC_TOCHospitalization_004" name="TOCTest" time="31.415"/>
  <testcase classname="com.essen.testCases.TC_PageChecker_005" name="Homepagechecker" time="2.346"/>
  <testcase classname="com.essen.testCases.TC_PageChecker_005" name="myworklistpagechecker" time="1.369"/>
  <testcase classname="com.essen.testCases.TC_PageChecker_005" name="medicalopenenrollpagechecker" time="13.831"/>
  <testcase classname="com.essen.testCases.TC_PageChecker_005" name="consent_DCEAllPatients" time="3.4"/>
  <testcase classname="com.essen.testCases.TC_PageChecker_005" name="HH_EligiblePatients" time="12.984"/>
  <testcase classname="com.essen.testCases.TC_PageChecker_005" name="RhioConsent" time="14.724"/>
  <testcase classname="com.essen.testCases.TC_PageChecker_005" name="CCMAllPatients" time="14.0"/>
</testsuite> <!-- eCares -->
