<?xml version="1.0" encoding="UTF-8"?>
<!-- Generated by org.testng.reporters.JUnitXMLReporter -->
<testsuite ignored="0" hostname="LT290" failures="0" tests="5" name="eCares" time="62.362" errors="0" timestamp="2022-03-22T14:16:59 IST">
  <testcase classname="com.essen.testCases.TC_PageChecker_005" name="Homepagechecker" time="21.718"/>
  <testcase classname="com.essen.testCases.TC_PageChecker_005" name="myworklistpagechecker" time="2.973"/>
  <testcase classname="com.essen.testCases.TC_PageChecker_005" name="medicalopenenrollpagechecker" time="1.881"/>
  <testcase classname="com.essen.testCases.TC_PageChecker_005" name="consent_DCEAllPatients" time="26.558"/>
  <testcase classname="com.essen.testCases.TC_PageChecker_005" name="HH_EligiblePatients" time="2.168"/>
</testsuite> <!-- eCares -->
