<?xml version="1.0" encoding="UTF-8"?>
<!-- Generated by org.testng.reporters.JUnitXMLReporter -->
<testsuite ignored="0" hostname="LT246" failures="0" tests="8" name="eCares" time="99.174" errors="0" timestamp="2022-04-25T23:06:21 IST">
  <testcase classname="com.essen.testCases.TC_PageChecker_005" name="Homepagechecker" time="2.326"/>
  <testcase classname="com.essen.testCases.TC_PageChecker_005" name="myworklistpagechecker" time="1.581"/>
  <testcase classname="com.essen.testCases.TC_PageChecker_005" name="medicalopenenrollpagechecker" time="1.49"/>
  <testcase classname="com.essen.testCases.TC_PageChecker_005" name="consent_DCEAllPatients" time="14.076"/>
  <testcase classname="com.essen.testCases.TC_PageChecker_005" name="HH_EligiblePatients" time="13.742"/>
  <testcase classname="com.essen.testCases.TC_PageChecker_005" name="RhioConsent" time="26.269"/>
  <testcase classname="com.essen.testCases.TC_PageChecker_005" name="CCMAllPatients" time="23.847"/>
  <testcase classname="com.essen.testCases.TC_PageChecker_005" name="CCHDashboard" time="11.98"/>
</testsuite> <!-- eCares -->
