<?xml version="1.0" encoding="UTF-8"?>
<!-- Generated by org.testng.reporters.JUnitXMLReporter -->
<testsuite ignored="0" hostname="LT246" failures="2" tests="14" name="eCares" time="182.129" errors="0" timestamp="2022-05-19T13:11:31 IST">
  <testcase classname="com.essen.testCases.TC_LoginTest_001" name="logintest1" time="4.556"/>
  <testcase classname="com.essen.testCases.TC_LoginTestDDT_002" name="LoginTestDDT" time="15.871"/>
  <testcase classname="com.essen.testCases.TC_LoginTestDDT_002" name="LoginTestDDT" time="12.28">
    <failure type="java.lang.AssertionError" message="The following asserts failed:
	expected [true] but found [false]">
      <![CDATA[java.lang.AssertionError: The following asserts failed:
expected [true] but found [false]
at com.essen.testCases.TC_LoginTestDDT_002.LoginTestDDT(TC_LoginTestDDT_002.java:40)
at java.base/java.util.ArrayList.forEach(ArrayList.java:1511)
... Removed 29 stack frames]]>
    </failure>
  </testcase> <!-- LoginTestDDT -->
  <testcase classname="com.essen.testCases.TC_LoginTestDDT_002" name="LoginTestDDT" time="12.148">
    <failure type="java.lang.AssertionError" message="The following asserts failed:
	expected [true] but found [false]">
      <![CDATA[java.lang.AssertionError: The following asserts failed:
expected [true] but found [false]
at com.essen.testCases.TC_LoginTestDDT_002.LoginTestDDT(TC_LoginTestDDT_002.java:40)
at java.base/java.util.ArrayList.forEach(ArrayList.java:1511)
... Removed 29 stack frames]]>
    </failure>
  </testcase> <!-- LoginTestDDT -->
  <testcase classname="com.essen.testCases.TC_LoginTestDDT_002" name="LoginTestDDT" time="7.811"/>
  <testcase classname="com.essen.testCases.TC_UserTest_003" name="UserTest" time="11.906"/>
  <testcase classname="com.essen.testCases.TC_TOCHospitalization_004" name="TOCTest" time="27.394"/>
  <testcase classname="com.essen.testCases.TC_PageChecker_005" name="Homepagechecker" time="8.961"/>
  <testcase classname="com.essen.testCases.TC_PageChecker_005" name="myworklistpagechecker" time="0.865"/>
  <testcase classname="com.essen.testCases.TC_PageChecker_005" name="medicalopenenrollpagechecker" time="12.124"/>
  <testcase classname="com.essen.testCases.TC_PageChecker_005" name="consent_DCEAllPatients" time="12.845"/>
  <testcase classname="com.essen.testCases.TC_PageChecker_005" name="HH_EligiblePatients" time="12.151"/>
  <testcase classname="com.essen.testCases.TC_PageChecker_005" name="RhioConsent" time="5.217"/>
  <testcase classname="com.essen.testCases.TC_PageChecker_005" name="CCMAllPatients" time="18.63"/>
</testsuite> <!-- eCares -->
