<?xml version="1.0" encoding="UTF-8"?>
<!-- Generated by org.testng.reporters.JUnitXMLReporter -->
<testsuite ignored="0" hostname="LT246" failures="0" tests="7" name="eCares" time="72.615" errors="0" timestamp="2022-05-10T15:18:51 IST">
  <testcase classname="com.essen.testCases.TC_PageChecker_005" name="Homepagechecker" time="0.084"/>
  <testcase classname="com.essen.testCases.TC_PageChecker_005" name="myworklistpagechecker" time="1.141"/>
  <testcase classname="com.essen.testCases.TC_PageChecker_005" name="medicalopenenrollpagechecker" time="12.341"/>
  <testcase classname="com.essen.testCases.TC_PageChecker_005" name="consent_DCEAllPatients" time="12.889"/>
  <testcase classname="com.essen.testCases.TC_PageChecker_005" name="HH_EligiblePatients" time="12.17"/>
  <testcase classname="com.essen.testCases.TC_PageChecker_005" name="RhioConsent" time="14.106"/>
  <testcase classname="com.essen.testCases.TC_PageChecker_005" name="CCMAllPatients" time="12.954"/>
</testsuite> <!-- eCares -->
