<?xml version="1.0" encoding="UTF-8"?>
<!-- Generated by org.testng.reporters.JUnitXMLReporter -->
<testsuite ignored="0" hostname="LT246" failures="2" tests="7" name="eCares" time="119.233" errors="0" timestamp="2022-03-11T19:51:11 IST">
  <testcase classname="com.essen.testCases.TC_LoginTest_001" name="logintest1" time="3.8"/>
  <testcase classname="com.essen.testCases.TC_LoginTestDDT_002" name="LoginTestDDT" time="19.436"/>
  <testcase classname="com.essen.testCases.TC_LoginTestDDT_002" name="LoginTestDDT" time="12.761">
    <failure type="java.lang.AssertionError" message="expected [true] but found [false]">
      <![CDATA[java.lang.AssertionError: expected [true] but found [false]
at com.essen.testCases.TC_LoginTestDDT_002.LoginTestDDT(TC_LoginTestDDT_002.java:36)
at java.base/java.util.ArrayList.forEach(ArrayList.java:1511)
... Removed 31 stack frames]]>
    </failure>
  </testcase> <!-- LoginTestDDT -->
  <testcase classname="com.essen.testCases.TC_LoginTestDDT_002" name="LoginTestDDT" time="12.691">
    <failure type="java.lang.AssertionError" message="expected [true] but found [false]">
      <![CDATA[java.lang.AssertionError: expected [true] but found [false]
at com.essen.testCases.TC_LoginTestDDT_002.LoginTestDDT(TC_LoginTestDDT_002.java:36)
at java.base/java.util.ArrayList.forEach(ArrayList.java:1511)
... Removed 31 stack frames]]>
    </failure>
  </testcase> <!-- LoginTestDDT -->
  <testcase classname="com.essen.testCases.TC_LoginTestDDT_002" name="LoginTestDDT" time="7.038"/>
  <testcase classname="com.essen.testCases.TC_UserTest_003" name="UserTest" time="12.401"/>
  <testcase classname="com.essen.testCases.TC_TOCHospitalization_004" name="TOCTest" time="37.764"/>
</testsuite> <!-- eCares -->
