<?xml version="1.0" encoding="UTF-8"?>
<!-- Generated by org.testng.reporters.JUnitXMLReporter -->
<testsuite ignored="0" hostname="LT246" failures="2" tests="12" name="eCares" time="151.658" errors="0" timestamp="2022-03-29T11:08:26 IST">
  <testcase classname="com.essen.testCases.TC_LoginTest_001" name="logintest1" time="10.965"/>
  <testcase classname="com.essen.testCases.TC_LoginTestDDT_002" name="LoginTestDDT" time="15.609"/>
  <testcase classname="com.essen.testCases.TC_LoginTestDDT_002" name="LoginTestDDT" time="12.81">
    <failure type="java.lang.AssertionError" message="expected [true] but found [false]">
      <![CDATA[java.lang.AssertionError: expected [true] but found [false]
at com.essen.testCases.TC_LoginTestDDT_002.LoginTestDDT(TC_LoginTestDDT_002.java:36)
at java.base/java.util.ArrayList.forEach(ArrayList.java:1511)
... Removed 31 stack frames]]>
    </failure>
  </testcase> <!-- LoginTestDDT -->
  <testcase classname="com.essen.testCases.TC_LoginTestDDT_002" name="LoginTestDDT" time="12.646">
    <failure type="java.lang.AssertionError" message="expected [true] but found [false]">
      <![CDATA[java.lang.AssertionError: expected [true] but found [false]
at com.essen.testCases.TC_LoginTestDDT_002.LoginTestDDT(TC_LoginTestDDT_002.java:36)
at java.base/java.util.ArrayList.forEach(ArrayList.java:1511)
... Removed 31 stack frames]]>
    </failure>
  </testcase> <!-- LoginTestDDT -->
  <testcase classname="com.essen.testCases.TC_LoginTestDDT_002" name="LoginTestDDT" time="6.713"/>
  <testcase classname="com.essen.testCases.TC_UserTest_003" name="UserTest" time="11.79"/>
  <testcase classname="com.essen.testCases.TC_TOCHospitalization_004" name="TOCTest" time="27.612"/>
  <testcase classname="com.essen.testCases.TC_PageChecker_005" name="Homepagechecker" time="2.666"/>
  <testcase classname="com.essen.testCases.TC_PageChecker_005" name="myworklistpagechecker" time="1.147"/>
  <testcase classname="com.essen.testCases.TC_PageChecker_005" name="medicalopenenrollpagechecker" time="12.452"/>
  <testcase classname="com.essen.testCases.TC_PageChecker_005" name="consent_DCEAllPatients" time="14.973"/>
  <testcase classname="com.essen.testCases.TC_PageChecker_005" name="HH_EligiblePatients" time="1.5"/>
</testsuite> <!-- eCares -->
